<?xml version="1.0" encoding="UTF-8"?>
<testsuites name="jest tests" tests="1" failures="0" errors="0" time="0.685">
  <testsuite name="Add Note" errors="0" failures="0" skipped="0" timestamp="2024-08-23T07:13:44" time="0.581" tests="1">
    <testcase classname="Add Note Should add a new note and redirect to login" name="Add Note Should add a new note and redirect to login" time="0.052">
    </testcase>
  </testsuite>
</testsuites>